[debug] [2025-06-17T23:45:34.857Z] ----------------------------------------------------------------------
[debug] [2025-06-17T23:45:34.861Z] Command:       C:\Program Files\nodejs\node.exe C:\Users\victorPc\AppData\Roaming\npm\node_modules\firebase-tools\lib\bin\firebase.js deploy
[debug] [2025-06-17T23:45:34.861Z] CLI Version:   14.7.0
[debug] [2025-06-17T23:45:34.861Z] Platform:      win32
[debug] [2025-06-17T23:45:34.862Z] Node Version:  v22.16.0
[debug] [2025-06-17T23:45:34.862Z] Time:          Tue Jun 17 2025 20:45:34 GMT-0300 (Horário Padrão de Brasília)
[debug] [2025-06-17T23:45:34.862Z] ----------------------------------------------------------------------
[debug] 
[debug] [2025-06-17T23:45:35.180Z] > command requires scopes: ["email","openid","https://www.googleapis.com/auth/cloudplatformprojects.readonly","https://www.googleapis.com/auth/firebase","https://www.googleapis.com/auth/cloud-platform"]
[debug] [2025-06-17T23:45:35.181Z] > authorizing via signed-in user (victoralmeidadev.io@gmail.com)
[debug] [2025-06-17T23:45:35.181Z] [iam] checking project amanda-ferreira-site for permissions ["firebase.projects.get","firebasehosting.sites.update"]
[debug] [2025-06-17T23:45:35.185Z] Checked if tokens are valid: false, expires at: 1750204588609
[debug] [2025-06-17T23:45:35.186Z] Checked if tokens are valid: false, expires at: 1750204588609
[debug] [2025-06-17T23:45:35.186Z] > refreshing access token with scopes: []
[debug] [2025-06-17T23:45:35.188Z] >>> [apiv2][query] POST https://www.googleapis.com/oauth2/v3/token [none]
[debug] [2025-06-17T23:45:35.188Z] >>> [apiv2][body] POST https://www.googleapis.com/oauth2/v3/token [omitted]
[debug] [2025-06-17T23:45:35.426Z] <<< [apiv2][status] POST https://www.googleapis.com/oauth2/v3/token 200
[debug] [2025-06-17T23:45:35.427Z] <<< [apiv2][body] POST https://www.googleapis.com/oauth2/v3/token [omitted]
[debug] [2025-06-17T23:45:35.441Z] >>> [apiv2][query] POST https://cloudresourcemanager.googleapis.com/v1/projects/amanda-ferreira-site:testIamPermissions [none]
[debug] [2025-06-17T23:45:35.441Z] >>> [apiv2][(partial)header] POST https://cloudresourcemanager.googleapis.com/v1/projects/amanda-ferreira-site:testIamPermissions x-goog-quota-user=projects/amanda-ferreira-site
[debug] [2025-06-17T23:45:35.442Z] >>> [apiv2][body] POST https://cloudresourcemanager.googleapis.com/v1/projects/amanda-ferreira-site:testIamPermissions {"permissions":["firebase.projects.get","firebasehosting.sites.update"]}
[debug] [2025-06-17T23:45:36.441Z] <<< [apiv2][status] POST https://cloudresourcemanager.googleapis.com/v1/projects/amanda-ferreira-site:testIamPermissions 200
[debug] [2025-06-17T23:45:36.441Z] <<< [apiv2][body] POST https://cloudresourcemanager.googleapis.com/v1/projects/amanda-ferreira-site:testIamPermissions {"permissions":["firebase.projects.get","firebasehosting.sites.update"]}
[debug] [2025-06-17T23:45:36.442Z] Checked if tokens are valid: true, expires at: 1750207534427
[debug] [2025-06-17T23:45:36.442Z] Checked if tokens are valid: true, expires at: 1750207534427
[debug] [2025-06-17T23:45:36.442Z] >>> [apiv2][query] GET https://firebase.googleapis.com/v1beta1/projects/amanda-ferreira-site [none]
[debug] [2025-06-17T23:45:36.907Z] <<< [apiv2][status] GET https://firebase.googleapis.com/v1beta1/projects/amanda-ferreira-site 200
[debug] [2025-06-17T23:45:36.907Z] <<< [apiv2][body] GET https://firebase.googleapis.com/v1beta1/projects/amanda-ferreira-site {"projectId":"amanda-ferreira-site","projectNumber":"247159319023","displayName":"amanda-ferreira-site-hosting","name":"projects/amanda-ferreira-site","resources":{"hostingSite":"amanda-ferreira-site"},"state":"ACTIVE","etag":"1_27931350-7554-4c9b-8067-75310d4e42b1"}
[info] 
[info] === Deploying to 'amanda-ferreira-site'...
[info] 
[info] i  deploying hosting 
[debug] [2025-06-17T23:45:36.912Z] Checked if tokens are valid: true, expires at: 1750207534427
[debug] [2025-06-17T23:45:36.912Z] Checked if tokens are valid: true, expires at: 1750207534427
[debug] [2025-06-17T23:45:36.913Z] >>> [apiv2][query] POST https://firebasehosting.googleapis.com/v1beta1/projects/-/sites/amanda-ferreira-site/versions [none]
[debug] [2025-06-17T23:45:36.913Z] >>> [apiv2][body] POST https://firebasehosting.googleapis.com/v1beta1/projects/-/sites/amanda-ferreira-site/versions {"status":"CREATED","labels":{"deployment-tool":"cli-firebase"}}
[debug] [2025-06-17T23:45:38.748Z] <<< [apiv2][status] POST https://firebasehosting.googleapis.com/v1beta1/projects/-/sites/amanda-ferreira-site/versions 200
[debug] [2025-06-17T23:45:38.748Z] <<< [apiv2][body] POST https://firebasehosting.googleapis.com/v1beta1/projects/-/sites/amanda-ferreira-site/versions {"name":"projects/247159319023/sites/amanda-ferreira-site/versions/660e8e10b57e78b7","status":"CREATED","config":{},"labels":{"deployment-tool":"cli-firebase"}}
[info] i  hosting[amanda-ferreira-site]: beginning deploy... 
[info] i  hosting[amanda-ferreira-site]: found 188 files in .next 
[debug] [2025-06-17T23:45:38.974Z] [hosting] uploading with 200 concurrency
[debug] [2025-06-17T23:45:42.659Z] Checked if tokens are valid: true, expires at: 1750207534427
[debug] [2025-06-17T23:45:42.659Z] Checked if tokens are valid: true, expires at: 1750207534427
[debug] [2025-06-17T23:45:42.662Z] [hosting] hash cache [Lm5leHQ] stored for 188 files
[debug] [2025-06-17T23:45:42.662Z] [hosting][hash queue][FINAL] {"max":3322,"min":0,"avg":152.31382978723406,"active":0,"complete":188,"success":188,"errored":0,"retried":0,"total":188,"elapsed":3546}
[debug] [2025-06-17T23:45:42.664Z] >>> [apiv2][query] POST https://firebasehosting.googleapis.com/v1beta1/projects/247159319023/sites/amanda-ferreira-site/versions/660e8e10b57e78b7:populateFiles [none]
[debug] [2025-06-17T23:45:42.664Z] >>> [apiv2][body] POST https://firebasehosting.googleapis.com/v1beta1/projects/247159319023/sites/amanda-ferreira-site/versions/660e8e10b57e78b7:populateFiles {"files":{"/routes-manifest.json":"310805aec9d7154c28350842a9c7adf20f3f4901282056e0ead02a545d875eee","/trace":"ad00eea1c278f66eade9d3c7279ef59a0d587148635c8b61d791d6fae0b4a975","/required-server-files.json":"288853daf7e3fe7f39899b1f12d6872fbb96e39afc999d7ce04b0c389774aec1","/react-loadable-manifest.json":"d0cac7d96ba1f7eafdda7eaf1ad78d2dd03c06bcc4b5db983a9760ae89aa462b","/prerender-manifest.json":"92171e200c10a9ba2f559add0cae77214e515f5a47826d3fa173927bb442dca7","/package.json":"e3ecc54661b99f0cf5ad670f14210732a4962bbfd094aed57a853ccca5254ee3","/next-minimal-server.js.nft.json":"3cbc8dc8ba7532cf6c65c2ac2b282b4f8abbcc14aa9222240cc4c8ce9be66e17","/images-manifest.json":"f5e40fc53b980d756941471fc09ef46c61bdfbe25a9e471f985e7b14f1f99ef6","/export-marker.json":"6d21d9aece1217ab6d409d144467776ef4230f56af1a0380c12c450c286de3d6","/BUILD_ID":"914677e3e5e9a4e58249401ba89ec38c652f3757a16238f1e73c579e6819b006","/app-path-routes-manifest.json":"bb4aeb3d39287c45f20ec54bb5b7021055a1c11be109098dc46b3f5ae8de8f1a","/build-manifest.json":"111edbde2cfaf74bab75333b011dfb850e61b5c45c2cfecd99ddbee8f68ee02c","/types/package.json":"67fd8969c85e020b743de43c2e40482c292fa1487964b76d095a9f7aa2702ae6","/next-server.js.nft.json":"60b19cf47c2e758772083c66587cbebcce82f324daa932b6748e12df13b62e87","/types/app/page.ts":"2ffdb8ddc775af26d9a9d46737e36df040dcd5c9a3368cd85e3bf060efcb7450","/types/app/layout.ts":"e357486cc039b808eae390571723d3ac010626761a9fb37a5c429458ae5f8116","/types/app/pagelinks/page.ts":"83e490368bbb28a8b72e043f9444f622114dc2258ea2206673e71923e0b6457e","/types/cache-life.d.ts":"e9055701c81aee1712b9d576f60e561911187fc404db2c9e1dee3bbcb15cb265","/static/media/maps.0eb3d641.svg":"929a4c98c648dc9332484e3aa4bc96ea692029b0809948e2f058f56c19999891","/static/media/waze.a34dadda.svg":"a53d28cd17e26379b5140d623ef31ae2d248ad493236974f8e5caaf05b764fd1","/app-build-manifest.json":"eabb9d96791b2951887189a10b69896c6d30de4509604becce0019bca76bc5c4","/static/media/df0a9ae256c0569c-s.woff2":"5ef466d8ca6f4a51fa3751faea59ad2f63b15dbf9782ae4246bcadacc57f6b8f","/static/media/99.c79998b2.svg":"411a16481f9e62b1a6df6dab1d70300fddab27da0acfd69d2bc976dac15529d3","/static/media/97e0cb1ae144a2a9-s.woff2":"7f297ea688c4600e59ca6534a3f21f53bfa3f286cc0d19a35543315781951381","/static/chunks/webpack-007cc264ba938169.js":"78546a4434efdbdc082305ac6202be9aeee9dfc15c1296869b49852ba5ec52c1","/static/chunks/main-app-16401618210266fc.js":"e646e9ebca7d11e3fc1e4181f04e447c35fd6b28d25433316363818b3978d080","/static/css/281d728fa01b352f.css":"8a250b810b215d44d1d276ae4b7e609192913ad71d83bef141526eb2b1cb31a3","/static/chunks/8e1d74a4-ec275b5556f61140.js":"2138f8b244f6f582aa74b6dab7ab2ced4a947f857c196e65ed4bec3a5368dd4f","/static/chunks/53c13509-5cc830ec971760dc.js":"ac2d48d01dc2a680e22d11b81a10d65b756281b51a518f73e4b4152eb9a9daff","/static/chunks/472.a3826d29d6854395.js":"305e361c64ccf8c2f956618d58efccb54e7dfc79013eca70fe4e27abf0e2724e","/static/chunks/671-8ad45d22cc601968.js":"b333c73c057a64f0f5d800eea08b0f9c6febf6df49f59729fe0eb4154ecad2c5","/static/chunks/341.df3329d77a5faa19.js":"9563f2302179d3abf33dd49b6eab6595a1cdeb7d581ca034be150957a06529e3","/static/chunks/pages/_error-71d2b6a7b832d02a.js":"36785219d9c2deae036e57c6807546fe7d1e5152565ab15ac68edd304c8e02dc","/static/chunks/222-f1f693022b40da9f.js":"c48d731e0739dec07e683a0aaa1cac0ac87e70faf96c83e90474ed06b098bb79","/static/media/55c55f0601d81cf3-s.woff2":"f919b2595b36cbe21633695ac08cbc808d615f1e5e964227b64c6d398caa0332","/static/media/581909926a08bbc8-s.woff2":"0e60a16188a2d115835bb0497cc663807ef4c951ea3033aaaa98e4e9605510e1","/static/media/26a46d62cd723877-s.woff2":"ae5c06e2307aad7bf8fb02467ddd2ea6d7f40ea27915c5d9667f7632db6a0dbc","/static/media/e4af272ccee01ff0-s.p.woff2":"86835ac53a0e1de04820388d01b501389d5e9311509282b5e3bfbfc752754083","/static/chunks/main-8c9f054fc71840a4.js":"95833f7f510db73b5f5f512e6039a0d2ff91f814c4df1edec6cfa57c92dbc13d","/static/chunks/polyfills-42372ed130431b0a.js":"18e28d3214eda45048d80d3925ea7627b809e69ad2e95f7f98459e9146a61c3d","/static/chunks/765-d86b384b615517d8.js":"dc5985fc971ff6ed662667ad133845c571ec7c049e050c024ac79894fb6454cb","/static/chunks/pages/_app-92f2aae776f86b9c.js":"f7ae3774eb08a03f3e0162b5074ae3e767bd46332f84cb20bca3ab1aa1f72eaf","/static/chunks/app/page-942507f951e76983.js":"19e0fdbada9e1f7fc9b48c92a31531d2db1236d88ffdae4cabdc105133c0d19c","/static/chunks/app/layout-209254667f3b726f.js":"d31318e01bc511bc472cf56baa21ca3a839e6d6d57a425a660fb18e9b67dd456","/static/chunks/app/_not-found/page-743f83a4794fe1eb.js":"57699909ca93875b9d5a282c5aa1b0771ed6bd28a90c5cdbe75525f721f28b87","/static/chunks/app/pagelinks/page-dac3ca06577cfe4c.js":"d2d959641daf92bdd7a8eb9f44e80bf5e2931372936369986f3c107cd65e541a","/static/6UjSEVSYUJASRdQk9BAUg/_ssgManifest.js":"dc28a4dc92fe352ed5d2201bd3972ce47691bc8e89e0400a68d1541d0567c6d5","/static/6UjSEVSYUJASRdQk9BAUg/_buildManifest.js":"9d8fbeaba92b3a1ba892a4f15f8d4c08b4fe8803f623efa3ec164c68e37fc2dc","/server/server-reference-manifest.json":"b7b11cbd3e95a5af47dd25a40cac9d515ec0616c8be20ffcf0dd33c84f1ec015","/server/webpack-runtime.js":"a8cb189d948c060eaa7da25c5e340a3b3cb09c659f22877bbad07d500d2a9aa8","/server/server-reference-manifest.js":"7b07d7ffd1fcbd3e5a62c5450bc3001b081b1d99c6f3a496fd8a3e11e3abc181","/server/pages-manifest.json":"b29d77603a34f3659fe44ffdd037ee0972e794e538312f48da9e616084942b68","/server/next-font-manifest.json":"317fb1b7edc9e6f9bd2747742561bd86853b0bb773f6c4c9cc2c85d0dade509b","/server/next-font-manifest.js":"9f824c406ae780b263e333f7aab7d0b562b77f2e9569e8b937242c54630d20cf","/server/middleware-react-loadable-manifest.js":"531b2510b15463f5284101be7262c3b8c3258e594ae9511d9c5e83d77e92140d","/server/middleware-manifest.json":"273a07c6e8011708656a708a4c12beb0557583b3a1bc7de42e5b3e3c916233d6","/server/middleware-build-manifest.js":"e9f84896e88b65d97f5a6831ae37a5fd4a134cf432ed9d708683ca806c78345e","/server/interception-route-rewrite-manifest.js":"e04abe327185e4022ba73cb42474bb406daa92a6f7d85e4dfbcdf181a8cf9183","/server/functions-config-manifest.json":"d0f1368eb0cd220fd036c02c11f7db48a1c6e0c78f100ebf05d3e59b74a0deef","/server/app-paths-manifest.json":"7c1aaa7141d5697165fa38104e8215374257d67328b7b9ef3da38bb63feca639","/server/pages/_error.js.nft.json":"cde8fd387e2995871d34d47f9cf5f2cceb7596620e49247960ea08d622211f82","/server/pages/_document.js.nft.json":"7b2068ac52d52e7895eba5d5f0959cb25efe528f5a1909bc456896e96683f263","/cache/webpack/server-development/index.pack.gz.old":"eb9fd89624821976659120be18253c9699ab900ea1a705eb5233614b0bb4cecf","/cache/webpack/server-development/index.pack.gz":"faf571e6dd555bf3310846cc80eff4a7a2e5cec3266cdc518cbecba20f68cf68","/cache/webpack/server-development/9.pack.gz":"f296db299d2f843e4842e46719ef387c8eeca37a5bc781b7444f45cbab7e02c9","/cache/webpack/server-development/8.pack.gz":"258285c7564515c6e115adc7a016a3c81c529e5805e5df0cc22142e1a35166b9","/cache/webpack/server-development/7.pack.gz":"a5075de52b2ea1bcd45c2fc6629818038ea7c48b61b0c9ee599649997bf2adc2","/cache/webpack/server-development/6.pack.gz":"3b3e0b52cbe65629d309b52eab535f3d97e841164b8e876947fbbab8b96cd81a","/cache/webpack/server-development/5.pack.gz":"8705c143997b20fec39afd2c905da669ea072d1712269c9aab4d472f842740e5","/cache/webpack/server-development/4.pack.gz":"84a2b63db9056850135d25f8a4b6b48761f06866ce6a59c23d98d77fac3d2e47","/cache/webpack/server-development/3.pack.gz":"916d181e0bfa417960708589232b88d9b851fd3f7116be8863c9281ea004c960","/cache/webpack/server-development/24.pack.gz":"36d442a99b02711a7ee2f259966a7aaff1b72e02ab5de97481bc534df7124c65","/cache/webpack/server-development/23.pack.gz":"7524589cabe521e3c25790633025d9fe6703e69aa862e30afb37d7d0e2cfa31e","/cache/webpack/server-development/22.pack.gz":"ea93f8f2ca9275d318823d75f9ca8629e60dbfe072efdd67e0ab74c493ddf630","/cache/webpack/server-development/21.pack.gz":"587bb6c047e55eda87a9ac991a64e315d5ecf1eda89c6a0a4b0e3dfa4ff64598","/cache/webpack/server-development/20.pack.gz":"f0acfd3783693db7967865b00bb05761cd93ed5607329426af449844fb66e427","/cache/webpack/server-development/2.pack.gz":"9e0b52f4c01d981f643a5e75313b8e3ab583c44aaf5b463417f3a4648c2b931a","/cache/webpack/server-development/19.pack.gz":"e44aa5e77e0cb97d5ff9b432b22401e82132ece7e8af306af5973b3d81c889e8","/cache/webpack/server-development/18.pack.gz":"9b00bdbd5abee30332aba2f20d7288104f2d2141af07491e627ce6167ca1c3c8","/cache/webpack/server-development/17.pack.gz":"5d3df3ec42715c20c397b9d3f086eaff1dda794af8034b3468c8726fa657d305","/cache/webpack/server-development/16.pack.gz":"e375a4fc27e211022b1d3047d1aae0bb10ccd22ec05f0a8a38ed2307197cc3f3","/cache/webpack/server-development/15.pack.gz":"89edb0a5c39421562387f76a0e82198e1ef79e15d9d2369a0031b2c32077d7f0","/cache/webpack/server-development/14.pack.gz":"4d8f98b31118f0836510e5ea27b221c9ef72f0aba2ecc453fac624701bd2ebf0","/cache/webpack/server-development/13.pack.gz":"54c5eef7b3d9d6b3760aad3e2ab91a1a1e56a2053e0c0af8e012550fed3b51cb","/cache/webpack/server-development/12.pack.gz":"6ded32f534ea5ec6e66615257ab90178df61f22276fd9bd1435ac2b59cc153fd","/cache/webpack/server-development/11.pack.gz":"56044dd43d130ef4fc085e8ecd6fd4d01eed501e114d335fd56f38c9e440433e","/cache/webpack/server-development/10.pack.gz":"8e22c69f5bea0df5d0c3d746281122fa0f453463ec22edc84e3589a372a255a0","/cache/webpack/server-development/1.pack.gz":"06521480c09b2fba3615eaa9f8fd62c5512e2b25bbb8013a91d901024006c25f","/cache/webpack/server-development/0.pack.gz":"c5090418c151e2efd2bf80b4c42c3920e3ec09044a6b1adeab733b4ad43448e6","/cache/webpack/edge-server-production/index.pack":"95a136cfa381f5b440bd40fef0065a97569c5a6caa978ace6deec7bb0fd6330a","/cache/webpack/edge-server-production/0.pack":"6b39d425d149447b89f38924ae31f5b82f8cb697064e1250b8043cb3b989058b","/server/pages/_error.js":"62921c25f1c7042ca39861b13a5772d805d48f32fce2fe4845e23a7716aeb712","/server/pages/_document.js":"2fcae9b8ad37efa54afe89dcab3cec7a4b6a77d33c01b8e457bb1361cfc441a9","/server/pages/_app.js.nft.json":"91865046164f4a19cf5ce22a1bcd0028eb75fb0d4a1b5531cb99018855f9ef4a","/server/pages/_app.js":"27660395500e1c737672ed50b0caa92fedd0e853f83261eedf183f03f99851ce","/server/pages/500.html":"3e59868ff5d7b77cd656d0dcca03726c0a8fd3ca7ea862578b45f2f5745581ca","/cache/webpack/client-development-fallback/index.pack.gz.old":"5f2d55d5707004e2233a6582ed22f19a99f609556f702c20ace1d0401660da0e","/cache/webpack/client-development-fallback/index.pack.gz":"ba0960b6965517e491673362bb9a47f23d3e17281772cdbdadc1c7061826b27e","/cache/webpack/client-development-fallback/2.pack.gz":"c930a898a2b9f46fa45c3500d5907f4e1dc59ff93c4d04ed0c2a99260c28b732","/cache/webpack/client-development-fallback/1.pack.gz":"bbec7bae741cb845e1e53f346399be28df062394b920047b2070efe93858add3","/cache/webpack/client-development-fallback/0.pack.gz":"0311e12cc70d485c50d2fc2aa4caaac2b04911dea570908c31f5efb1387b5b9b","/server/pages/404.html":"c72dbba17886aff33f8f3e655ec5b7fb1f94d94f4144dcc5e507e05a098ef3a2","/cache/webpack/client-development/index.pack.gz.old":"e37043d808600054a52c883c03c4d7c33841d98afa4cc8d7e665a6078621fcbc","/cache/webpack/client-development/index.pack.gz":"620084e7c6cbf59732f8da9122339229f60d53a891f0b1d923aa470d3eb0cd94","/cache/webpack/client-development/9.pack.gz":"a29b39dff873288d94f7e7b7205368e72761bb2a4cde021e35e18525f1ce0e58","/cache/webpack/client-development/8.pack.gz":"fca07a984512bc6b44b38b9d6ecb7dc495cb39ae42c4387fd21b56554befc9a9","/cache/webpack/client-development/7.pack.gz":"a61423a50c900a47cdc85789bea1e45512b8270e9161b750add3ff6ee254263a","/cache/webpack/client-development/6.pack.gz":"2fc00d3a9c849d295700378c332f5b8b961f3942da4073d49ba279ed126020cf","/cache/webpack/client-development/5.pack.gz":"4cefbc505edfb448473898a2eed16251a07855bdcaf64249695258147942233e","/cache/webpack/client-development/4.pack.gz":"fb65215d9cdb8db344eed9d44112655c63e0eb10028dca34a334d33464bc3b19","/cache/webpack/client-development/3.pack.gz":"f1d443f3c8e1ecacf49bf28036815161767f67ef6692fd2c0037239b5a6826fb","/cache/webpack/client-development/23.pack.gz":"da9be7c7d56c8b7e36bb3a1fb842450c041a5346528d3971bd48c7619674dd94","/cache/webpack/client-development/22.pack.gz":"ced9363798185bea245a7e7584d983052be04c88f7d21726de887ca283ba7c53","/cache/webpack/client-development/21.pack.gz":"37a0ac17204b2ba9bee0a3b829c128ddd8c7ddad8b5e0e6755825c27184ac1a0","/server/chunks/985.js":"8f1218e755a64a9453591530e9b1c92954d627fc131b2d61eda4ed265e0a99a7","/cache/webpack/client-development/20.pack.gz":"6aa8adcde2e6281378227cb20d8880dd4f709966c0541b578c4d233a652243c8","/cache/webpack/client-development/2.pack.gz":"7fb92c8202d5318e1af5300b51e43d59add58b7dbfc1703a86ade7a0aaf9ea14","/cache/webpack/client-development/19.pack.gz":"b4dc2eb1b04e479a3890b34b30cf57c7ea8ff0b4f011efbb263a68afb07dc944","/cache/webpack/client-development/18.pack.gz":"fc25ed16b546afe8d688b5b6fa0aa0ef8328ece694a943203e263bd4089b7417","/server/app/_not-found.meta":"4cda2f9723879197be41a460b06e0be4e159d725e9d5a05d0d6f6cdb40d7effb","/cache/webpack/client-development/17.pack.gz":"4c4b8744244d5ff929c3d880edea5c2d263dd2accfe30467acd18e6cf5fe9faa","/cache/webpack/client-development/16.pack.gz":"a4ed73dd026e24e8398a4c9d66c36e991b116bef1835e8420e32637c6c94ce3a","/cache/webpack/client-development/15.pack.gz":"b7f541f57745962c88ef3c3389c723ae0cca2211e45f562cdaa38e8db6fcbb13","/cache/webpack/client-development/14.pack.gz":"1e653b1e5b44e4eef12814625149b3ba457d7b3840d2c77c553c203ad3fc6987","/cache/webpack/client-development/13.pack.gz":"a47b74642e76e65634a75c4ac743e278706245978060a03f154905afdc2af00d","/cache/webpack/client-development/12.pack.gz":"b33b3155d53e18f2b1b20859e9be39a8e5f91f8ae269e8f7fe8d818306c470df","/cache/webpack/client-development/11.pack.gz":"658be3ae42ea56684f3c39b6536131cebecb3cab6dca48b0321fef9e17449f44","/cache/webpack/client-development/10.pack.gz":"00fdede36705e518b0fc1d85419da9ba69b5e78d38cf4dee13943c760cb63433","/static/chunks/684-446e0fde3d066521.js":"2b5e661243a1745f5edee8ac350d476249bb7a4639e23c02b3a553b35742205a","/cache/webpack/client-development/1.pack.gz":"a77ffd2557fedac7533818bb2d472197d36e24dcc21727918061b3302c1e7cf3","/cache/webpack/client-development/0.pack.gz":"7f5d83704c83bfcc3385adc84a54e4c46366120adf5e31698253cdb42ae7394b","/cache/images/xdrZE4bYcGQ7CH6xysTCV9mvVTPsewKQSoVirn-XMU0/60.1750196094926.gP9g4aNNTFHR5dCXSFmmp2Fu-60qQCi_30xBN18lWM8.Vy8iMTZiOGY0LTE5NzdmY2IwZDJmIg.webp":"3361ac32e5a16d1a7ed1e00f33ff4adb10733b8ecf696b547ccdacac85cd6a6a","/cache/images/P9y6C9OW_jDvJjmf23sDGxIHMc5J87APIu5DKSLbV-M/60.1750195584743.Jr1pviy3QJeX_I3mG9JECJwURPbcRRjeUENbiloIhSE.Vy8iMTZiOGY0LTE5NzdmN2UwOWFkIg.webp":"594f0fd54786ccd29e912cecf1d494132815dfd52001fa6bb43be853c7e1d7da","/cache/images/NvgM8XL553nOyeJ_TPxaWSR_tDKoeFc6lP3OWe7Gglk/60.1750188143483.gwuHeltPYzC2mbipotASvG0AxX_JdoYx-143I3XlbJw.Vy8iYjQzOTItMTk3N2Y1NTQxNDgi.webp":"3d4fb625f46f2cad8049dc4963c340dc499e02230daf7a75dabcd944a84c694b","/cache/images/kWnXXuoFBQCsN5Djgog0IGMH7jPu_la6h39UzF2-P_Q/60.1750200675064.PeiI-HhQrLENF3yq1O6Yx_IzAoAucAocFxT34KRBjU4.Vy8iNzUxMjUtMTk3N2ZkM2I3MTQi.webp":"a79bf4145a867d9ba5bd554d33b48ebe418943be98939f29c8f28b5dc8253702","/cache/images/hiFJiSosfiCBmj1v6QoRjtFmJ9HHpxiSumeprIzs-30/60.1750188110282.6Txj0l2HVS7uLzj76IBdA4-EB9rY8ZakYCQUu0V1LMI.Vy8iYjQzOTItMTk3N2Y1NTQxNDgi.webp":"4d41c6e6800b0662ba57c49dfb98163f9309c09c0f962e721d7dfe9e871f447b","/cache/images/fc6fMwNcElbw5X6UTn1QH47HNJ2WW6mKdlArQwUD1vg/60.1750184312596.8RkSQTjQO6swrYcxzkqpJhqizF4TVJIdBpmBV_UgX6E.Vy8iMTZiOGY0LTE5NzdmMWM1MmMzIg.webp":"82dbf64a3857af97c7b87a82f90d202d6d86c8e90b168a0fd25913ab4b8a7aff","/cache/images/7vWWqw24LEAnAg0ILnowPrekKNhYlOS9zW6ONuKFciM/60.1750198464704.gCOEic0TdHyJAEE-tnLZSO9cvGzyjDry5Y_o_t44G5I.Vy8iNzUxMjUtMTk3N2ZkM2I3MTQi.webp":"38204912ba2b1c77e07581ebd49f0193097023a7628ff67149da3ea352f33185","/cache/images/2DB5wnNh6ddwFHsmwRvytBzlJf0jDAW2LH5xEmb-KGk/60.1750188043379.9KhBLOsl8VD7ToTuIcP7vg5FURYc6seaKirLNPVMJIs.Vy8iYjQzOTItMTk3N2Y1NTQxNDgi.webp":"9a73b293306e9e7e8d742ca0e442d7d4883975e4bf75457d6881a98481b4b27d","/server/app/_not-found.html":"c72dbba17886aff33f8f3e655ec5b7fb1f94d94f4144dcc5e507e05a098ef3a2","/server/app/page_client-reference-manifest.js":"96578d64faef15c6a544989dd053ffc19b552c82ed3e66558dc2432f9183ca00","/server/app/pagelinks.rsc":"c4b9f702e775249298dd723e193015bf4461cb5c8825ac0318220cd884a30768","/server/app/_not-found.rsc":"3b753fd9858600499fa6fd14000a7c85fe4d61fe36ea4d4b6981b83d5f1420b9","/static/chunks/framework-f593a28cde54158e.js":"c0e31b38c07fb2cac30269c70d55077e4f6a99e360e0c256f9b6f2d74adf24e4","/server/app/pagelinks.meta":"4decb2ba826e56b389cb7c7f862b725a173285dc7d15068b359a0938cf2c6e4a","/static/media/8e9860b6e62d6359-s.woff2":"cd2992a875e4939d47289a3cc44c8b8a0e63817f4cc9fbd8b3bdf93b5f66fbb3","/server/app/pagelinks.html":"b4c76e1e9b3655b1239ea1dd1540d0c1292d19a8ca244ef85be5721ac829627b","/static/chunks/4bd1b696-8667e8750f5410bb.js":"99db1cc472f86b1e139c5d34542f09147d0df9ebd3468166b316b80fff8bbd74","/server/chunks/548.js":"637fd78c4d0a4173971d7a15f643c9a37c119332b126b2c74acaa5e1fd861785","/server/chunks/447.js":"ef7ca09866d597419dae4c48af508a822639c5f72a4532af64081d2ee88a7d4d","/server/app/page.js.nft.json":"a58f68ae28b816ebdda6eb12f83d45a0cd6540751531d29d3b57902f53ebc16a","/server/app/page.js":"4bfd0e8e6dfb60561bedac7b7925948f41bbda7de7fe11d6dc7c5edc73cbef54","/server/app/index.rsc":"eb6b1e27e7fc99943a80d9d24b7faca43fd82cd5c74d1f2ad305336973b851e9","/server/app/index.meta":"83670869f970feeaec38d81cfea874c10318eb9ce1e05eff740352fdc5d129a9","/server/app/index.html":"4efaf09e73aac26f2ddabb3ac5e3c17ba6533ece38e4d96b7f91b56b735ef414","/server/app/favicon.ico.meta":"56aad876cfa0aee22ce5b8f9d49579834c4cfe271e37b19a6967258f25417944","/server/app/favicon.ico.body":"36eaaa9259cda5765c4061fa8b7bf61c74dbda3a2a721a0811c73f5dae61a2e9","/server/app/_not-found/page_client-reference-manifest.js":"c439b1b564e5dba2a09559074c8992226bd97ef9786b4b4c9ffed93461f6a8b2","/server/app/_not-found/page.js.nft.json":"d6e2dfd96321b8a75f7b4df29b6db669ee8b76f917d6571ba269a5fc24faeb05","/server/app/pagelinks/page_client-reference-manifest.js":"15c1c88e87ddbc1efd50ca741a0819f9ba8a1ebe7f83ac1490ea50b5a3e1612b","/server/app/pagelinks/page.js.nft.json":"23274cfd95d8f1be20d448488f37c39290cdbec8e21d6b6244a9577b74372c18","/server/app/_not-found/page.js":"4bf4c986706f5680f02d0f05a20a9a8ba43860951856a439f1e6527c8184e274","/server/app/pagelinks/page.js":"8835361f310dec1f4342e24772b1873e3d79cea81ab3591872e41347a15ea2b2","/server/app/favicon.ico/route.js.nft.json":"f6f71764a7e163f6ee65223569e14968c6b91693d156e57fa7e065cce012b40a","/diagnostics/framework.json":"2b5b005061f77fcd572e3000ee6b8be70b81e57cd54566cf8aae97071e823855","/diagnostics/build-diagnostics.json":"b85f20d1987fc2df44c9c90e1282070a790145be6947d8f325b8b6bd033da997","/server/chunks/84.js":"bd29f033d8bf46d91822d985d4915c47921affdb590072505df2d775645402b9","/server/app/favicon.ico/route.js":"d011689a04b72844cd87a7db2ca59c3e7781b18dc16339bb474b0aec79dcf71f","/server/chunks/183.js":"4a5ef8818c478b97c8553f8ed1f00e94f16ed13bdc4dcc5072d8a9da2348fc74","/cache/webpack/client-development/1.pack.gz_":"82bb3cb762b5c149bd53bc983ab6843bd20e84c6380498679d899f86999d105f","/cache/webpack/client-development/index.pack.gz_":"50afd90bd4a979f61ac62209147e6a06034619141ca04757ee5dc914b696bc67","/static/media/banneramanda.be762d09.png":"881b055f9391bcf9d4303c81d6a6cc69e9d8cc8aed41f1bc5617eabbaccc67ae","/cache/webpack/client-development/20.pack.gz_":"9a357d58ae8b553aca34af103f226b667da9cd6767d5d3c8477b506d95c1b5fe","/static/media/google.08bac69a.png":"f6b8e50caddecebf57d3c926d3d314abf99f50b7ea3b4e4d31ecbeffb855c869","/static/media/bannercurso.3d39ab8e.png":"feffaa7ad2de8c89623c99bd76ecaad54d081ebe1dc8b4043881111dcc921a3e","/static/media/bg-agendamentos.27fe8e25.png":"104bb67ee3a3d00d60fb9bec4d2ec2bc3debd054707f0cd77904d3e76f8a54de","/static/media/maps.9a5c4457.png":"d4ebf297c14d1674819cef235c54ff1f72dc7aee4b3e06991cd62dafb117848b","/cache/webpack/client-production/index.pack.old":"aabd46761bf28540030f58eb5f2740cf94c361bf6059fa865f8461e0048ecf3a","/cache/webpack/client-production/index.pack":"ff87d8c0421faf43b72db7a72592694c33d39a221e1b096f73c669a59b1debdd","/cache/webpack/server-production/index.pack.old":"054dea78db1b06b0adb1304f13195186a3ea0a0dec0be1b621f2a991c3effa48","/cache/webpack/server-production/index.pack":"8a3a5897b29f01fe84c5ef65606544de2fdd35d9385ec4064f56a9398a58d7d0","/cache/webpack/client-production/2.pack":"e113a1f6c93ef9a58810a659bbf2b065843806efae614c39955748345276f32b","/cache/webpack/client-production/1.pack":"abc7965fcac395bb79fc75ef1f7ba321960b758d77a37972a4dec9ad8fbe9f85","/cache/webpack/server-production/0.pack":"a7a1d050a23ac06acc37cf338130da603eee30a2cd233383c54acd866cc84650","/cache/webpack/client-development/17.pack.gz_":"2b4b2a1490e10a3b8626b452f35a1db15b214ddc2e7212a91cd4c9a4cde3f32a","/cache/webpack/server-production/2.pack":"222e48f040f28c08b19d57956ac7fb31d96fd469c595d22c9648d68f82390394","/cache/webpack/server-production/1.pack":"76a205dc68f1df7a6aff9573bf46e9d7cc2de0a54867110ceb7b0df72f2bc093","/cache/webpack/client-production/0.pack":"59f85fd1df05c11a49f2071c9b57896519d62200ceedd6bcb6dbf5b8b4615195"}}
[debug] [2025-06-17T23:45:43.574Z] <<< [apiv2][status] POST https://firebasehosting.googleapis.com/v1beta1/projects/247159319023/sites/amanda-ferreira-site/versions/660e8e10b57e78b7:populateFiles 200
[debug] [2025-06-17T23:45:43.574Z] <<< [apiv2][body] POST https://firebasehosting.googleapis.com/v1beta1/projects/247159319023/sites/amanda-ferreira-site/versions/660e8e10b57e78b7:populateFiles {"uploadRequiredHashes":["eabb9d96791b2951887189a10b69896c6d30de4509604becce0019bca76bc5c4","111edbde2cfaf74bab75333b011dfb850e61b5c45c2cfecd99ddbee8f68ee02c","60b19cf47c2e758772083c66587cbebcce82f324daa932b6748e12df13b62e87","d31318e01bc511bc472cf56baa21ca3a839e6d6d57a425a660fb18e9b67dd456","e113a1f6c93ef9a58810a659bbf2b065843806efae614c39955748345276f32b","c4b9f702e775249298dd723e193015bf4461cb5c8825ac0318220cd884a30768","3e59868ff5d7b77cd656d0dcca03726c0a8fd3ca7ea862578b45f2f5745581ca","50afd90bd4a979f61ac62209147e6a06034619141ca04757ee5dc914b696bc67","d2d959641daf92bdd7a8eb9f44e80bf5e2931372936369986f3c107cd65e541a","c439b1b564e5dba2a09559074c8992226bd97ef9786b4b4c9ffed93461f6a8b2","8a3a5897b29f01fe84c5ef65606544de2fdd35d9385ec4064f56a9398a58d7d0","abc7965fcac395bb79fc75ef1f7ba321960b758d77a37972a4dec9ad8fbe9f85","23274cfd95d8f1be20d448488f37c39290cdbec8e21d6b6244a9577b74372c18","76a205dc68f1df7a6aff9573bf46e9d7cc2de0a54867110ceb7b0df72f2bc093","4a5ef8818c478b97c8553f8ed1f00e94f16ed13bdc4dcc5072d8a9da2348fc74","96578d64faef15c6a544989dd053ffc19b552c82ed3e66558dc2432f9183ca00","82bb3cb762b5c149bd53bc983ab6843bd20e84c6380498679d899f86999d105f","914677e3e5e9a4e58249401ba89ec38c652f3757a16238f1e73c579e6819b006","a58f68ae28b816ebdda6eb12f83d45a0cd6540751531d29d3b57902f53ebc16a","3cbc8dc8ba7532cf6c65c2ac2b282b4f8abbcc14aa9222240cc4c8ce9be66e17","ff87d8c0421faf43b72db7a72592694c33d39a221e1b096f73c669a59b1debdd","a7a1d050a23ac06acc37cf338130da603eee30a2cd233383c54acd866cc84650","c72dbba17886aff33f8f3e655ec5b7fb1f94d94f4144dcc5e507e05a098ef3a2","8835361f310dec1f4342e24772b1873e3d79cea81ab3591872e41347a15ea2b2","c48d731e0739dec07e683a0aaa1cac0ac87e70faf96c83e90474ed06b098bb79","15c1c88e87ddbc1efd50ca741a0819f9ba8a1ebe7f83ac1490ea50b5a3e1612b","92171e200c10a9ba2f559add0cae77214e515f5a47826d3fa173927bb442dca7","bb4aeb3d39287c45f20ec54bb5b7021055a1c11be109098dc46b3f5ae8de8f1a","59f85fd1df05c11a49f2071c9b57896519d62200ceedd6bcb6dbf5b8b4615195","ad00eea1c278f66eade9d3c7279ef59a0d587148635c8b61d791d6fae0b4a975","b4c76e1e9b3655b1239ea1dd1540d0c1292d19a8ca244ef85be5721ac829627b","19e0fdbada9e1f7fc9b48c92a31531d2db1236d88ffdae4cabdc105133c0d19c","dc5985fc971ff6ed662667ad133845c571ec7c049e050c024ac79894fb6454cb","eb6b1e27e7fc99943a80d9d24b7faca43fd82cd5c74d1f2ad305336973b851e9","b29d77603a34f3659fe44ffdd037ee0972e794e538312f48da9e616084942b68","4efaf09e73aac26f2ddabb3ac5e3c17ba6533ece38e4d96b7f91b56b735ef414","3b753fd9858600499fa6fd14000a7c85fe4d61fe36ea4d4b6981b83d5f1420b9","9a357d58ae8b553aca34af103f226b667da9cd6767d5d3c8477b506d95c1b5fe","e9f84896e88b65d97f5a6831ae37a5fd4a134cf432ed9d708683ca806c78345e","222e48f040f28c08b19d57956ac7fb31d96fd469c595d22c9648d68f82390394","bd29f033d8bf46d91822d985d4915c47921affdb590072505df2d775645402b9","7c1aaa7141d5697165fa38104e8215374257d67328b7b9ef3da38bb63feca639","4bfd0e8e6dfb60561bedac7b7925948f41bbda7de7fe11d6dc7c5edc73cbef54","8f1218e755a64a9453591530e9b1c92954d627fc131b2d61eda4ed265e0a99a7","2b4b2a1490e10a3b8626b452f35a1db15b214ddc2e7212a91cd4c9a4cde3f32a"],"uploadUrl":"https://upload-firebasehosting.googleapis.com/upload/sites/amanda-ferreira-site/versions/660e8e10b57e78b7/files"}
[debug] [2025-06-17T23:45:43.576Z] Checked if tokens are valid: true, expires at: 1750207534427
[debug] [2025-06-17T23:45:43.576Z] Checked if tokens are valid: true, expires at: 1750207534427
[debug] [2025-06-17T23:45:43.577Z] Checked if tokens are valid: true, expires at: 1750207534427
[debug] [2025-06-17T23:45:43.577Z] Checked if tokens are valid: true, expires at: 1750207534427
[debug] [2025-06-17T23:45:43.577Z] Checked if tokens are valid: true, expires at: 1750207534427
[debug] [2025-06-17T23:45:43.577Z] Checked if tokens are valid: true, expires at: 1750207534427
[debug] [2025-06-17T23:45:43.577Z] Checked if tokens are valid: true, expires at: 1750207534427
[debug] [2025-06-17T23:45:43.577Z] Checked if tokens are valid: true, expires at: 1750207534427
[debug] [2025-06-17T23:45:43.578Z] Checked if tokens are valid: true, expires at: 1750207534427
[debug] [2025-06-17T23:45:43.578Z] Checked if tokens are valid: true, expires at: 1750207534427
[debug] [2025-06-17T23:45:43.578Z] Checked if tokens are valid: true, expires at: 1750207534427
[debug] [2025-06-17T23:45:43.578Z] Checked if tokens are valid: true, expires at: 1750207534427
[debug] [2025-06-17T23:45:43.578Z] Checked if tokens are valid: true, expires at: 1750207534427
[debug] [2025-06-17T23:45:43.578Z] Checked if tokens are valid: true, expires at: 1750207534427
[debug] [2025-06-17T23:45:43.578Z] Checked if tokens are valid: true, expires at: 1750207534427
[debug] [2025-06-17T23:45:43.578Z] Checked if tokens are valid: true, expires at: 1750207534427
[debug] [2025-06-17T23:45:43.578Z] Checked if tokens are valid: true, expires at: 1750207534427
[debug] [2025-06-17T23:45:43.578Z] Checked if tokens are valid: true, expires at: 1750207534427
[debug] [2025-06-17T23:45:43.579Z] Checked if tokens are valid: true, expires at: 1750207534427
[debug] [2025-06-17T23:45:43.579Z] Checked if tokens are valid: true, expires at: 1750207534427
[debug] [2025-06-17T23:45:43.579Z] Checked if tokens are valid: true, expires at: 1750207534427
[debug] [2025-06-17T23:45:43.579Z] Checked if tokens are valid: true, expires at: 1750207534427
[debug] [2025-06-17T23:45:43.579Z] Checked if tokens are valid: true, expires at: 1750207534427
[debug] [2025-06-17T23:45:43.579Z] Checked if tokens are valid: true, expires at: 1750207534427
[debug] [2025-06-17T23:45:43.579Z] Checked if tokens are valid: true, expires at: 1750207534427
[debug] [2025-06-17T23:45:43.579Z] Checked if tokens are valid: true, expires at: 1750207534427
[debug] [2025-06-17T23:45:43.579Z] Checked if tokens are valid: true, expires at: 1750207534427
[debug] [2025-06-17T23:45:43.579Z] Checked if tokens are valid: true, expires at: 1750207534427
[debug] [2025-06-17T23:45:43.579Z] Checked if tokens are valid: true, expires at: 1750207534427
[debug] [2025-06-17T23:45:43.580Z] Checked if tokens are valid: true, expires at: 1750207534427
[debug] [2025-06-17T23:45:43.580Z] Checked if tokens are valid: true, expires at: 1750207534427
[debug] [2025-06-17T23:45:43.580Z] Checked if tokens are valid: true, expires at: 1750207534427
[debug] [2025-06-17T23:45:43.580Z] Checked if tokens are valid: true, expires at: 1750207534427
[debug] [2025-06-17T23:45:43.580Z] Checked if tokens are valid: true, expires at: 1750207534427
[debug] [2025-06-17T23:45:43.580Z] Checked if tokens are valid: true, expires at: 1750207534427
[debug] [2025-06-17T23:45:43.580Z] Checked if tokens are valid: true, expires at: 1750207534427
[debug] [2025-06-17T23:45:43.580Z] Checked if tokens are valid: true, expires at: 1750207534427
[debug] [2025-06-17T23:45:43.580Z] Checked if tokens are valid: true, expires at: 1750207534427
[debug] [2025-06-17T23:45:43.581Z] Checked if tokens are valid: true, expires at: 1750207534427
[debug] [2025-06-17T23:45:43.581Z] Checked if tokens are valid: true, expires at: 1750207534427
[debug] [2025-06-17T23:45:43.581Z] Checked if tokens are valid: true, expires at: 1750207534427
[debug] [2025-06-17T23:45:43.581Z] Checked if tokens are valid: true, expires at: 1750207534427
[debug] [2025-06-17T23:45:43.581Z] Checked if tokens are valid: true, expires at: 1750207534427
[debug] [2025-06-17T23:45:43.581Z] Checked if tokens are valid: true, expires at: 1750207534427
[debug] [2025-06-17T23:45:43.581Z] Checked if tokens are valid: true, expires at: 1750207534427
[debug] [2025-06-17T23:45:43.582Z] Checked if tokens are valid: true, expires at: 1750207534427
[debug] [2025-06-17T23:45:43.582Z] Checked if tokens are valid: true, expires at: 1750207534427
[debug] [2025-06-17T23:45:43.582Z] Checked if tokens are valid: true, expires at: 1750207534427
[debug] [2025-06-17T23:45:43.582Z] Checked if tokens are valid: true, expires at: 1750207534427
[debug] [2025-06-17T23:45:43.582Z] Checked if tokens are valid: true, expires at: 1750207534427
[debug] [2025-06-17T23:45:43.582Z] Checked if tokens are valid: true, expires at: 1750207534427
[debug] [2025-06-17T23:45:43.582Z] Checked if tokens are valid: true, expires at: 1750207534427
[debug] [2025-06-17T23:45:43.582Z] Checked if tokens are valid: true, expires at: 1750207534427
[debug] [2025-06-17T23:45:43.582Z] Checked if tokens are valid: true, expires at: 1750207534427
[debug] [2025-06-17T23:45:43.582Z] Checked if tokens are valid: true, expires at: 1750207534427
[debug] [2025-06-17T23:45:43.582Z] Checked if tokens are valid: true, expires at: 1750207534427
[debug] [2025-06-17T23:45:43.583Z] Checked if tokens are valid: true, expires at: 1750207534427
[debug] [2025-06-17T23:45:43.583Z] Checked if tokens are valid: true, expires at: 1750207534427
[debug] [2025-06-17T23:45:43.583Z] Checked if tokens are valid: true, expires at: 1750207534427
[debug] [2025-06-17T23:45:43.583Z] Checked if tokens are valid: true, expires at: 1750207534427
[debug] [2025-06-17T23:45:43.583Z] Checked if tokens are valid: true, expires at: 1750207534427
[debug] [2025-06-17T23:45:43.583Z] Checked if tokens are valid: true, expires at: 1750207534427
[debug] [2025-06-17T23:45:43.587Z] Checked if tokens are valid: true, expires at: 1750207534427
[debug] [2025-06-17T23:45:43.587Z] Checked if tokens are valid: true, expires at: 1750207534427
[debug] [2025-06-17T23:45:43.587Z] Checked if tokens are valid: true, expires at: 1750207534427
[debug] [2025-06-17T23:45:43.587Z] Checked if tokens are valid: true, expires at: 1750207534427
[debug] [2025-06-17T23:45:43.588Z] Checked if tokens are valid: true, expires at: 1750207534427
[debug] [2025-06-17T23:45:43.588Z] Checked if tokens are valid: true, expires at: 1750207534427
[debug] [2025-06-17T23:45:43.589Z] Checked if tokens are valid: true, expires at: 1750207534427
[debug] [2025-06-17T23:45:43.589Z] Checked if tokens are valid: true, expires at: 1750207534427
[debug] [2025-06-17T23:45:43.589Z] Checked if tokens are valid: true, expires at: 1750207534427
[debug] [2025-06-17T23:45:43.589Z] Checked if tokens are valid: true, expires at: 1750207534427
[debug] [2025-06-17T23:45:43.589Z] Checked if tokens are valid: true, expires at: 1750207534427
[debug] [2025-06-17T23:45:43.589Z] Checked if tokens are valid: true, expires at: 1750207534427
[debug] [2025-06-17T23:45:43.590Z] Checked if tokens are valid: true, expires at: 1750207534427
[debug] [2025-06-17T23:45:43.590Z] Checked if tokens are valid: true, expires at: 1750207534427
[debug] [2025-06-17T23:45:43.590Z] Checked if tokens are valid: true, expires at: 1750207534427
[debug] [2025-06-17T23:45:43.590Z] Checked if tokens are valid: true, expires at: 1750207534427
[debug] [2025-06-17T23:45:43.590Z] Checked if tokens are valid: true, expires at: 1750207534427
[debug] [2025-06-17T23:45:43.590Z] Checked if tokens are valid: true, expires at: 1750207534427
[debug] [2025-06-17T23:45:43.590Z] Checked if tokens are valid: true, expires at: 1750207534427
[debug] [2025-06-17T23:45:43.590Z] Checked if tokens are valid: true, expires at: 1750207534427
[debug] [2025-06-17T23:45:43.590Z] Checked if tokens are valid: true, expires at: 1750207534427
[debug] [2025-06-17T23:45:43.591Z] Checked if tokens are valid: true, expires at: 1750207534427
[debug] [2025-06-17T23:45:43.591Z] Checked if tokens are valid: true, expires at: 1750207534427
[debug] [2025-06-17T23:45:43.591Z] Checked if tokens are valid: true, expires at: 1750207534427
[debug] [2025-06-17T23:45:43.593Z] Checked if tokens are valid: true, expires at: 1750207534427
[debug] [2025-06-17T23:45:43.593Z] Checked if tokens are valid: true, expires at: 1750207534427
[debug] [2025-06-17T23:45:43.594Z] Checked if tokens are valid: true, expires at: 1750207534427
[debug] [2025-06-17T23:45:43.594Z] Checked if tokens are valid: true, expires at: 1750207534427
[debug] [2025-06-17T23:45:43.594Z] >>> [apiv2][query] POST https://upload-firebasehosting.googleapis.com/upload/sites/amanda-ferreira-site/versions/660e8e10b57e78b7/files/eabb9d96791b2951887189a10b69896c6d30de4509604becce0019bca76bc5c4 [none]
[debug] [2025-06-17T23:45:43.594Z] >>> [apiv2][body] POST https://upload-firebasehosting.googleapis.com/upload/sites/amanda-ferreira-site/versions/660e8e10b57e78b7/files/eabb9d96791b2951887189a10b69896c6d30de4509604becce0019bca76bc5c4 [stream]
[debug] [2025-06-17T23:45:43.743Z] >>> [apiv2][query] POST https://upload-firebasehosting.googleapis.com/upload/sites/amanda-ferreira-site/versions/660e8e10b57e78b7/files/111edbde2cfaf74bab75333b011dfb850e61b5c45c2cfecd99ddbee8f68ee02c [none]
[debug] [2025-06-17T23:45:43.743Z] >>> [apiv2][body] POST https://upload-firebasehosting.googleapis.com/upload/sites/amanda-ferreira-site/versions/660e8e10b57e78b7/files/111edbde2cfaf74bab75333b011dfb850e61b5c45c2cfecd99ddbee8f68ee02c [stream]
[debug] [2025-06-17T23:45:43.745Z] >>> [apiv2][query] POST https://upload-firebasehosting.googleapis.com/upload/sites/amanda-ferreira-site/versions/660e8e10b57e78b7/files/60b19cf47c2e758772083c66587cbebcce82f324daa932b6748e12df13b62e87 [none]
[debug] [2025-06-17T23:45:43.745Z] >>> [apiv2][body] POST https://upload-firebasehosting.googleapis.com/upload/sites/amanda-ferreira-site/versions/660e8e10b57e78b7/files/60b19cf47c2e758772083c66587cbebcce82f324daa932b6748e12df13b62e87 [stream]
[debug] [2025-06-17T23:45:43.748Z] >>> [apiv2][query] POST https://upload-firebasehosting.googleapis.com/upload/sites/amanda-ferreira-site/versions/660e8e10b57e78b7/files/d31318e01bc511bc472cf56baa21ca3a839e6d6d57a425a660fb18e9b67dd456 [none]
[debug] [2025-06-17T23:45:43.748Z] >>> [apiv2][body] POST https://upload-firebasehosting.googleapis.com/upload/sites/amanda-ferreira-site/versions/660e8e10b57e78b7/files/d31318e01bc511bc472cf56baa21ca3a839e6d6d57a425a660fb18e9b67dd456 [stream]
[debug] [2025-06-17T23:45:43.752Z] >>> [apiv2][query] POST https://upload-firebasehosting.googleapis.com/upload/sites/amanda-ferreira-site/versions/660e8e10b57e78b7/files/e113a1f6c93ef9a58810a659bbf2b065843806efae614c39955748345276f32b [none]
[debug] [2025-06-17T23:45:43.752Z] >>> [apiv2][body] POST https://upload-firebasehosting.googleapis.com/upload/sites/amanda-ferreira-site/versions/660e8e10b57e78b7/files/e113a1f6c93ef9a58810a659bbf2b065843806efae614c39955748345276f32b [stream]
[debug] [2025-06-17T23:45:43.761Z] >>> [apiv2][query] POST https://upload-firebasehosting.googleapis.com/upload/sites/amanda-ferreira-site/versions/660e8e10b57e78b7/files/c4b9f702e775249298dd723e193015bf4461cb5c8825ac0318220cd884a30768 [none]
[debug] [2025-06-17T23:45:43.762Z] >>> [apiv2][body] POST https://upload-firebasehosting.googleapis.com/upload/sites/amanda-ferreira-site/versions/660e8e10b57e78b7/files/c4b9f702e775249298dd723e193015bf4461cb5c8825ac0318220cd884a30768 [stream]
[debug] [2025-06-17T23:45:43.764Z] >>> [apiv2][query] POST https://upload-firebasehosting.googleapis.com/upload/sites/amanda-ferreira-site/versions/660e8e10b57e78b7/files/3e59868ff5d7b77cd656d0dcca03726c0a8fd3ca7ea862578b45f2f5745581ca [none]
[debug] [2025-06-17T23:45:43.764Z] >>> [apiv2][body] POST https://upload-firebasehosting.googleapis.com/upload/sites/amanda-ferreira-site/versions/660e8e10b57e78b7/files/3e59868ff5d7b77cd656d0dcca03726c0a8fd3ca7ea862578b45f2f5745581ca [stream]
[debug] [2025-06-17T23:45:43.765Z] >>> [apiv2][query] POST https://upload-firebasehosting.googleapis.com/upload/sites/amanda-ferreira-site/versions/660e8e10b57e78b7/files/50afd90bd4a979f61ac62209147e6a06034619141ca04757ee5dc914b696bc67 [none]
[debug] [2025-06-17T23:45:43.765Z] >>> [apiv2][body] POST https://upload-firebasehosting.googleapis.com/upload/sites/amanda-ferreira-site/versions/660e8e10b57e78b7/files/50afd90bd4a979f61ac62209147e6a06034619141ca04757ee5dc914b696bc67 [stream]
[debug] [2025-06-17T23:45:43.768Z] >>> [apiv2][query] POST https://upload-firebasehosting.googleapis.com/upload/sites/amanda-ferreira-site/versions/660e8e10b57e78b7/files/d2d959641daf92bdd7a8eb9f44e80bf5e2931372936369986f3c107cd65e541a [none]
[debug] [2025-06-17T23:45:43.769Z] >>> [apiv2][body] POST https://upload-firebasehosting.googleapis.com/upload/sites/amanda-ferreira-site/versions/660e8e10b57e78b7/files/d2d959641daf92bdd7a8eb9f44e80bf5e2931372936369986f3c107cd65e541a [stream]
[debug] [2025-06-17T23:45:43.775Z] >>> [apiv2][query] POST https://upload-firebasehosting.googleapis.com/upload/sites/amanda-ferreira-site/versions/660e8e10b57e78b7/files/c439b1b564e5dba2a09559074c8992226bd97ef9786b4b4c9ffed93461f6a8b2 [none]
[debug] [2025-06-17T23:45:43.775Z] >>> [apiv2][body] POST https://upload-firebasehosting.googleapis.com/upload/sites/amanda-ferreira-site/versions/660e8e10b57e78b7/files/c439b1b564e5dba2a09559074c8992226bd97ef9786b4b4c9ffed93461f6a8b2 [stream]
[debug] [2025-06-17T23:45:43.778Z] >>> [apiv2][query] POST https://upload-firebasehosting.googleapis.com/upload/sites/amanda-ferreira-site/versions/660e8e10b57e78b7/files/8a3a5897b29f01fe84c5ef65606544de2fdd35d9385ec4064f56a9398a58d7d0 [none]
[debug] [2025-06-17T23:45:43.778Z] >>> [apiv2][body] POST https://upload-firebasehosting.googleapis.com/upload/sites/amanda-ferreira-site/versions/660e8e10b57e78b7/files/8a3a5897b29f01fe84c5ef65606544de2fdd35d9385ec4064f56a9398a58d7d0 [stream]
[debug] [2025-06-17T23:45:43.780Z] >>> [apiv2][query] POST https://upload-firebasehosting.googleapis.com/upload/sites/amanda-ferreira-site/versions/660e8e10b57e78b7/files/abc7965fcac395bb79fc75ef1f7ba321960b758d77a37972a4dec9ad8fbe9f85 [none]
[debug] [2025-06-17T23:45:43.780Z] >>> [apiv2][body] POST https://upload-firebasehosting.googleapis.com/upload/sites/amanda-ferreira-site/versions/660e8e10b57e78b7/files/abc7965fcac395bb79fc75ef1f7ba321960b758d77a37972a4dec9ad8fbe9f85 [stream]
[debug] [2025-06-17T23:45:43.782Z] >>> [apiv2][query] POST https://upload-firebasehosting.googleapis.com/upload/sites/amanda-ferreira-site/versions/660e8e10b57e78b7/files/23274cfd95d8f1be20d448488f37c39290cdbec8e21d6b6244a9577b74372c18 [none]
[debug] [2025-06-17T23:45:43.782Z] >>> [apiv2][body] POST https://upload-firebasehosting.googleapis.com/upload/sites/amanda-ferreira-site/versions/660e8e10b57e78b7/files/23274cfd95d8f1be20d448488f37c39290cdbec8e21d6b6244a9577b74372c18 [stream]
[debug] [2025-06-17T23:45:43.790Z] >>> [apiv2][query] POST https://upload-firebasehosting.googleapis.com/upload/sites/amanda-ferreira-site/versions/660e8e10b57e78b7/files/76a205dc68f1df7a6aff9573bf46e9d7cc2de0a54867110ceb7b0df72f2bc093 [none]
[debug] [2025-06-17T23:45:43.790Z] >>> [apiv2][body] POST https://upload-firebasehosting.googleapis.com/upload/sites/amanda-ferreira-site/versions/660e8e10b57e78b7/files/76a205dc68f1df7a6aff9573bf46e9d7cc2de0a54867110ceb7b0df72f2bc093 [stream]
[debug] [2025-06-17T23:45:43.792Z] >>> [apiv2][query] POST https://upload-firebasehosting.googleapis.com/upload/sites/amanda-ferreira-site/versions/660e8e10b57e78b7/files/4a5ef8818c478b97c8553f8ed1f00e94f16ed13bdc4dcc5072d8a9da2348fc74 [none]
[debug] [2025-06-17T23:45:43.792Z] >>> [apiv2][body] POST https://upload-firebasehosting.googleapis.com/upload/sites/amanda-ferreira-site/versions/660e8e10b57e78b7/files/4a5ef8818c478b97c8553f8ed1f00e94f16ed13bdc4dcc5072d8a9da2348fc74 [stream]
[debug] [2025-06-17T23:45:43.794Z] >>> [apiv2][query] POST https://upload-firebasehosting.googleapis.com/upload/sites/amanda-ferreira-site/versions/660e8e10b57e78b7/files/96578d64faef15c6a544989dd053ffc19b552c82ed3e66558dc2432f9183ca00 [none]
[debug] [2025-06-17T23:45:43.794Z] >>> [apiv2][body] POST https://upload-firebasehosting.googleapis.com/upload/sites/amanda-ferreira-site/versions/660e8e10b57e78b7/files/96578d64faef15c6a544989dd053ffc19b552c82ed3e66558dc2432f9183ca00 [stream]
[debug] [2025-06-17T23:45:43.795Z] >>> [apiv2][query] POST https://upload-firebasehosting.googleapis.com/upload/sites/amanda-ferreira-site/versions/660e8e10b57e78b7/files/82bb3cb762b5c149bd53bc983ab6843bd20e84c6380498679d899f86999d105f [none]
[debug] [2025-06-17T23:45:43.796Z] >>> [apiv2][body] POST https://upload-firebasehosting.googleapis.com/upload/sites/amanda-ferreira-site/versions/660e8e10b57e78b7/files/82bb3cb762b5c149bd53bc983ab6843bd20e84c6380498679d899f86999d105f [stream]
[debug] [2025-06-17T23:45:43.821Z] >>> [apiv2][query] POST https://upload-firebasehosting.googleapis.com/upload/sites/amanda-ferreira-site/versions/660e8e10b57e78b7/files/914677e3e5e9a4e58249401ba89ec38c652f3757a16238f1e73c579e6819b006 [none]
[debug] [2025-06-17T23:45:43.822Z] >>> [apiv2][body] POST https://upload-firebasehosting.googleapis.com/upload/sites/amanda-ferreira-site/versions/660e8e10b57e78b7/files/914677e3e5e9a4e58249401ba89ec38c652f3757a16238f1e73c579e6819b006 [stream]
[debug] [2025-06-17T23:45:43.824Z] >>> [apiv2][query] POST https://upload-firebasehosting.googleapis.com/upload/sites/amanda-ferreira-site/versions/660e8e10b57e78b7/files/a58f68ae28b816ebdda6eb12f83d45a0cd6540751531d29d3b57902f53ebc16a [none]
[debug] [2025-06-17T23:45:43.824Z] >>> [apiv2][body] POST https://upload-firebasehosting.googleapis.com/upload/sites/amanda-ferreira-site/versions/660e8e10b57e78b7/files/a58f68ae28b816ebdda6eb12f83d45a0cd6540751531d29d3b57902f53ebc16a [stream]
[debug] [2025-06-17T23:45:43.825Z] >>> [apiv2][query] POST https://upload-firebasehosting.googleapis.com/upload/sites/amanda-ferreira-site/versions/660e8e10b57e78b7/files/3cbc8dc8ba7532cf6c65c2ac2b282b4f8abbcc14aa9222240cc4c8ce9be66e17 [none]
[debug] [2025-06-17T23:45:43.825Z] >>> [apiv2][body] POST https://upload-firebasehosting.googleapis.com/upload/sites/amanda-ferreira-site/versions/660e8e10b57e78b7/files/3cbc8dc8ba7532cf6c65c2ac2b282b4f8abbcc14aa9222240cc4c8ce9be66e17 [stream]
[debug] [2025-06-17T23:45:43.826Z] >>> [apiv2][query] POST https://upload-firebasehosting.googleapis.com/upload/sites/amanda-ferreira-site/versions/660e8e10b57e78b7/files/ff87d8c0421faf43b72db7a72592694c33d39a221e1b096f73c669a59b1debdd [none]
[debug] [2025-06-17T23:45:43.826Z] >>> [apiv2][body] POST https://upload-firebasehosting.googleapis.com/upload/sites/amanda-ferreira-site/versions/660e8e10b57e78b7/files/ff87d8c0421faf43b72db7a72592694c33d39a221e1b096f73c669a59b1debdd [stream]
[debug] [2025-06-17T23:45:43.828Z] >>> [apiv2][query] POST https://upload-firebasehosting.googleapis.com/upload/sites/amanda-ferreira-site/versions/660e8e10b57e78b7/files/a7a1d050a23ac06acc37cf338130da603eee30a2cd233383c54acd866cc84650 [none]
[debug] [2025-06-17T23:45:43.828Z] >>> [apiv2][body] POST https://upload-firebasehosting.googleapis.com/upload/sites/amanda-ferreira-site/versions/660e8e10b57e78b7/files/a7a1d050a23ac06acc37cf338130da603eee30a2cd233383c54acd866cc84650 [stream]
[debug] [2025-06-17T23:45:43.829Z] >>> [apiv2][query] POST https://upload-firebasehosting.googleapis.com/upload/sites/amanda-ferreira-site/versions/660e8e10b57e78b7/files/c72dbba17886aff33f8f3e655ec5b7fb1f94d94f4144dcc5e507e05a098ef3a2 [none]
[debug] [2025-06-17T23:45:43.829Z] >>> [apiv2][body] POST https://upload-firebasehosting.googleapis.com/upload/sites/amanda-ferreira-site/versions/660e8e10b57e78b7/files/c72dbba17886aff33f8f3e655ec5b7fb1f94d94f4144dcc5e507e05a098ef3a2 [stream]
[debug] [2025-06-17T23:45:43.830Z] >>> [apiv2][query] POST https://upload-firebasehosting.googleapis.com/upload/sites/amanda-ferreira-site/versions/660e8e10b57e78b7/files/8835361f310dec1f4342e24772b1873e3d79cea81ab3591872e41347a15ea2b2 [none]
[debug] [2025-06-17T23:45:43.831Z] >>> [apiv2][body] POST https://upload-firebasehosting.googleapis.com/upload/sites/amanda-ferreira-site/versions/660e8e10b57e78b7/files/8835361f310dec1f4342e24772b1873e3d79cea81ab3591872e41347a15ea2b2 [stream]
[debug] [2025-06-17T23:45:43.833Z] >>> [apiv2][query] POST https://upload-firebasehosting.googleapis.com/upload/sites/amanda-ferreira-site/versions/660e8e10b57e78b7/files/c48d731e0739dec07e683a0aaa1cac0ac87e70faf96c83e90474ed06b098bb79 [none]
[debug] [2025-06-17T23:45:43.833Z] >>> [apiv2][body] POST https://upload-firebasehosting.googleapis.com/upload/sites/amanda-ferreira-site/versions/660e8e10b57e78b7/files/c48d731e0739dec07e683a0aaa1cac0ac87e70faf96c83e90474ed06b098bb79 [stream]
[debug] [2025-06-17T23:45:43.837Z] >>> [apiv2][query] POST https://upload-firebasehosting.googleapis.com/upload/sites/amanda-ferreira-site/versions/660e8e10b57e78b7/files/15c1c88e87ddbc1efd50ca741a0819f9ba8a1ebe7f83ac1490ea50b5a3e1612b [none]
[debug] [2025-06-17T23:45:43.837Z] >>> [apiv2][body] POST https://upload-firebasehosting.googleapis.com/upload/sites/amanda-ferreira-site/versions/660e8e10b57e78b7/files/15c1c88e87ddbc1efd50ca741a0819f9ba8a1ebe7f83ac1490ea50b5a3e1612b [stream]
[debug] [2025-06-17T23:45:43.838Z] >>> [apiv2][query] POST https://upload-firebasehosting.googleapis.com/upload/sites/amanda-ferreira-site/versions/660e8e10b57e78b7/files/92171e200c10a9ba2f559add0cae77214e515f5a47826d3fa173927bb442dca7 [none]
[debug] [2025-06-17T23:45:43.840Z] >>> [apiv2][body] POST https://upload-firebasehosting.googleapis.com/upload/sites/amanda-ferreira-site/versions/660e8e10b57e78b7/files/92171e200c10a9ba2f559add0cae77214e515f5a47826d3fa173927bb442dca7 [stream]
[debug] [2025-06-17T23:45:43.841Z] >>> [apiv2][query] POST https://upload-firebasehosting.googleapis.com/upload/sites/amanda-ferreira-site/versions/660e8e10b57e78b7/files/bb4aeb3d39287c45f20ec54bb5b7021055a1c11be109098dc46b3f5ae8de8f1a [none]
[debug] [2025-06-17T23:45:43.841Z] >>> [apiv2][body] POST https://upload-firebasehosting.googleapis.com/upload/sites/amanda-ferreira-site/versions/660e8e10b57e78b7/files/bb4aeb3d39287c45f20ec54bb5b7021055a1c11be109098dc46b3f5ae8de8f1a [stream]
[debug] [2025-06-17T23:45:43.842Z] >>> [apiv2][query] POST https://upload-firebasehosting.googleapis.com/upload/sites/amanda-ferreira-site/versions/660e8e10b57e78b7/files/59f85fd1df05c11a49f2071c9b57896519d62200ceedd6bcb6dbf5b8b4615195 [none]
[debug] [2025-06-17T23:45:43.843Z] >>> [apiv2][body] POST https://upload-firebasehosting.googleapis.com/upload/sites/amanda-ferreira-site/versions/660e8e10b57e78b7/files/59f85fd1df05c11a49f2071c9b57896519d62200ceedd6bcb6dbf5b8b4615195 [stream]
[debug] [2025-06-17T23:45:43.844Z] >>> [apiv2][query] POST https://upload-firebasehosting.googleapis.com/upload/sites/amanda-ferreira-site/versions/660e8e10b57e78b7/files/ad00eea1c278f66eade9d3c7279ef59a0d587148635c8b61d791d6fae0b4a975 [none]
[debug] [2025-06-17T23:45:43.844Z] >>> [apiv2][body] POST https://upload-firebasehosting.googleapis.com/upload/sites/amanda-ferreira-site/versions/660e8e10b57e78b7/files/ad00eea1c278f66eade9d3c7279ef59a0d587148635c8b61d791d6fae0b4a975 [stream]
[debug] [2025-06-17T23:45:43.845Z] >>> [apiv2][query] POST https://upload-firebasehosting.googleapis.com/upload/sites/amanda-ferreira-site/versions/660e8e10b57e78b7/files/b4c76e1e9b3655b1239ea1dd1540d0c1292d19a8ca244ef85be5721ac829627b [none]
[debug] [2025-06-17T23:45:43.845Z] >>> [apiv2][body] POST https://upload-firebasehosting.googleapis.com/upload/sites/amanda-ferreira-site/versions/660e8e10b57e78b7/files/b4c76e1e9b3655b1239ea1dd1540d0c1292d19a8ca244ef85be5721ac829627b [stream]
[debug] [2025-06-17T23:45:43.846Z] >>> [apiv2][query] POST https://upload-firebasehosting.googleapis.com/upload/sites/amanda-ferreira-site/versions/660e8e10b57e78b7/files/19e0fdbada9e1f7fc9b48c92a31531d2db1236d88ffdae4cabdc105133c0d19c [none]
[debug] [2025-06-17T23:45:43.846Z] >>> [apiv2][body] POST https://upload-firebasehosting.googleapis.com/upload/sites/amanda-ferreira-site/versions/660e8e10b57e78b7/files/19e0fdbada9e1f7fc9b48c92a31531d2db1236d88ffdae4cabdc105133c0d19c [stream]
[debug] [2025-06-17T23:45:43.847Z] >>> [apiv2][query] POST https://upload-firebasehosting.googleapis.com/upload/sites/amanda-ferreira-site/versions/660e8e10b57e78b7/files/dc5985fc971ff6ed662667ad133845c571ec7c049e050c024ac79894fb6454cb [none]
[debug] [2025-06-17T23:45:43.847Z] >>> [apiv2][body] POST https://upload-firebasehosting.googleapis.com/upload/sites/amanda-ferreira-site/versions/660e8e10b57e78b7/files/dc5985fc971ff6ed662667ad133845c571ec7c049e050c024ac79894fb6454cb [stream]
[debug] [2025-06-17T23:45:43.848Z] >>> [apiv2][query] POST https://upload-firebasehosting.googleapis.com/upload/sites/amanda-ferreira-site/versions/660e8e10b57e78b7/files/eb6b1e27e7fc99943a80d9d24b7faca43fd82cd5c74d1f2ad305336973b851e9 [none]
[debug] [2025-06-17T23:45:43.848Z] >>> [apiv2][body] POST https://upload-firebasehosting.googleapis.com/upload/sites/amanda-ferreira-site/versions/660e8e10b57e78b7/files/eb6b1e27e7fc99943a80d9d24b7faca43fd82cd5c74d1f2ad305336973b851e9 [stream]
[debug] [2025-06-17T23:45:43.849Z] >>> [apiv2][query] POST https://upload-firebasehosting.googleapis.com/upload/sites/amanda-ferreira-site/versions/660e8e10b57e78b7/files/b29d77603a34f3659fe44ffdd037ee0972e794e538312f48da9e616084942b68 [none]
[debug] [2025-06-17T23:45:43.850Z] >>> [apiv2][body] POST https://upload-firebasehosting.googleapis.com/upload/sites/amanda-ferreira-site/versions/660e8e10b57e78b7/files/b29d77603a34f3659fe44ffdd037ee0972e794e538312f48da9e616084942b68 [stream]
[debug] [2025-06-17T23:45:43.853Z] >>> [apiv2][query] POST https://upload-firebasehosting.googleapis.com/upload/sites/amanda-ferreira-site/versions/660e8e10b57e78b7/files/4efaf09e73aac26f2ddabb3ac5e3c17ba6533ece38e4d96b7f91b56b735ef414 [none]
[debug] [2025-06-17T23:45:43.853Z] >>> [apiv2][body] POST https://upload-firebasehosting.googleapis.com/upload/sites/amanda-ferreira-site/versions/660e8e10b57e78b7/files/4efaf09e73aac26f2ddabb3ac5e3c17ba6533ece38e4d96b7f91b56b735ef414 [stream]
[debug] [2025-06-17T23:45:43.855Z] >>> [apiv2][query] POST https://upload-firebasehosting.googleapis.com/upload/sites/amanda-ferreira-site/versions/660e8e10b57e78b7/files/3b753fd9858600499fa6fd14000a7c85fe4d61fe36ea4d4b6981b83d5f1420b9 [none]
[debug] [2025-06-17T23:45:43.855Z] >>> [apiv2][body] POST https://upload-firebasehosting.googleapis.com/upload/sites/amanda-ferreira-site/versions/660e8e10b57e78b7/files/3b753fd9858600499fa6fd14000a7c85fe4d61fe36ea4d4b6981b83d5f1420b9 [stream]
[debug] [2025-06-17T23:45:43.856Z] >>> [apiv2][query] POST https://upload-firebasehosting.googleapis.com/upload/sites/amanda-ferreira-site/versions/660e8e10b57e78b7/files/9a357d58ae8b553aca34af103f226b667da9cd6767d5d3c8477b506d95c1b5fe [none]
[debug] [2025-06-17T23:45:43.856Z] >>> [apiv2][body] POST https://upload-firebasehosting.googleapis.com/upload/sites/amanda-ferreira-site/versions/660e8e10b57e78b7/files/9a357d58ae8b553aca34af103f226b667da9cd6767d5d3c8477b506d95c1b5fe [stream]
[debug] [2025-06-17T23:45:43.857Z] >>> [apiv2][query] POST https://upload-firebasehosting.googleapis.com/upload/sites/amanda-ferreira-site/versions/660e8e10b57e78b7/files/e9f84896e88b65d97f5a6831ae37a5fd4a134cf432ed9d708683ca806c78345e [none]
[debug] [2025-06-17T23:45:43.857Z] >>> [apiv2][body] POST https://upload-firebasehosting.googleapis.com/upload/sites/amanda-ferreira-site/versions/660e8e10b57e78b7/files/e9f84896e88b65d97f5a6831ae37a5fd4a134cf432ed9d708683ca806c78345e [stream]
[debug] [2025-06-17T23:45:43.858Z] >>> [apiv2][query] POST https://upload-firebasehosting.googleapis.com/upload/sites/amanda-ferreira-site/versions/660e8e10b57e78b7/files/222e48f040f28c08b19d57956ac7fb31d96fd469c595d22c9648d68f82390394 [none]
[debug] [2025-06-17T23:45:43.858Z] >>> [apiv2][body] POST https://upload-firebasehosting.googleapis.com/upload/sites/amanda-ferreira-site/versions/660e8e10b57e78b7/files/222e48f040f28c08b19d57956ac7fb31d96fd469c595d22c9648d68f82390394 [stream]
[debug] [2025-06-17T23:45:43.860Z] >>> [apiv2][query] POST https://upload-firebasehosting.googleapis.com/upload/sites/amanda-ferreira-site/versions/660e8e10b57e78b7/files/bd29f033d8bf46d91822d985d4915c47921affdb590072505df2d775645402b9 [none]
[debug] [2025-06-17T23:45:43.860Z] >>> [apiv2][body] POST https://upload-firebasehosting.googleapis.com/upload/sites/amanda-ferreira-site/versions/660e8e10b57e78b7/files/bd29f033d8bf46d91822d985d4915c47921affdb590072505df2d775645402b9 [stream]
[debug] [2025-06-17T23:45:43.861Z] >>> [apiv2][query] POST https://upload-firebasehosting.googleapis.com/upload/sites/amanda-ferreira-site/versions/660e8e10b57e78b7/files/7c1aaa7141d5697165fa38104e8215374257d67328b7b9ef3da38bb63feca639 [none]
[debug] [2025-06-17T23:45:43.862Z] >>> [apiv2][body] POST https://upload-firebasehosting.googleapis.com/upload/sites/amanda-ferreira-site/versions/660e8e10b57e78b7/files/7c1aaa7141d5697165fa38104e8215374257d67328b7b9ef3da38bb63feca639 [stream]
[debug] [2025-06-17T23:45:43.863Z] >>> [apiv2][query] POST https://upload-firebasehosting.googleapis.com/upload/sites/amanda-ferreira-site/versions/660e8e10b57e78b7/files/4bfd0e8e6dfb60561bedac7b7925948f41bbda7de7fe11d6dc7c5edc73cbef54 [none]
[debug] [2025-06-17T23:45:43.863Z] >>> [apiv2][body] POST https://upload-firebasehosting.googleapis.com/upload/sites/amanda-ferreira-site/versions/660e8e10b57e78b7/files/4bfd0e8e6dfb60561bedac7b7925948f41bbda7de7fe11d6dc7c5edc73cbef54 [stream]
[debug] [2025-06-17T23:45:43.864Z] >>> [apiv2][query] POST https://upload-firebasehosting.googleapis.com/upload/sites/amanda-ferreira-site/versions/660e8e10b57e78b7/files/8f1218e755a64a9453591530e9b1c92954d627fc131b2d61eda4ed265e0a99a7 [none]
[debug] [2025-06-17T23:45:43.864Z] >>> [apiv2][body] POST https://upload-firebasehosting.googleapis.com/upload/sites/amanda-ferreira-site/versions/660e8e10b57e78b7/files/8f1218e755a64a9453591530e9b1c92954d627fc131b2d61eda4ed265e0a99a7 [stream]
[debug] [2025-06-17T23:45:43.865Z] >>> [apiv2][query] POST https://upload-firebasehosting.googleapis.com/upload/sites/amanda-ferreira-site/versions/660e8e10b57e78b7/files/2b4b2a1490e10a3b8626b452f35a1db15b214ddc2e7212a91cd4c9a4cde3f32a [none]
[debug] [2025-06-17T23:45:43.865Z] >>> [apiv2][body] POST https://upload-firebasehosting.googleapis.com/upload/sites/amanda-ferreira-site/versions/660e8e10b57e78b7/files/2b4b2a1490e10a3b8626b452f35a1db15b214ddc2e7212a91cd4c9a4cde3f32a [stream]
[debug] [2025-06-17T23:45:43.868Z] [hosting][populate queue][FINAL] {"max":935,"min":935,"avg":935,"active":0,"complete":1,"success":1,"errored":0,"retried":0,"total":1,"elapsed":1207}
[debug] [2025-06-17T23:45:43.869Z] [hosting] uploads queued: 45
[debug] [2025-06-17T23:45:43.897Z] Error: ENOENT: no such file or directory, open 'C:\Projetos\PARA CLIENTES\amanda-ferreira\.next\cache\webpack\client-development\index.pack.gz_'
[error] 
[error] Error: An unexpected error has occurred.
[debug] [2025-06-17T23:45:43.898Z] Error: ENOENT: no such file or directory, open 'C:\Projetos\PARA CLIENTES\amanda-ferreira\.next\cache\webpack\client-development\1.pack.gz_'
[error] 
[error] Error: An unexpected error has occurred.
[debug] [2025-06-17T23:45:43.899Z] Error: ENOENT: no such file or directory, open 'C:\Projetos\PARA CLIENTES\amanda-ferreira\.next\cache\webpack\client-development\20.pack.gz_'
[error] 
[error] Error: An unexpected error has occurred.
[debug] [2025-06-17T23:45:43.904Z] Error: ENOENT: no such file or directory, open 'C:\Projetos\PARA CLIENTES\amanda-ferreira\.next\cache\webpack\client-development\17.pack.gz_'
[error] 
[error] Error: An unexpected error has occurred.
